# JRE version: Java(TM) SE Runtime Environment (17.0.13+10) (build 17.0.13+10-LTS-268)
# Java VM: Java HotSpot(TM) 64-Bit Server VM (17.0.13+10-LTS-268, mixed mode, emulated-client, sharing, tiered, compressed oops, compressed class ptrs, g1 gc, windows-amd64)
GC Precious Log:
 CPUs: 4 total, 4 available
 Memory: 8062M
 Large Page Support: Disabled
 NUMA Support: Disabled
 Compressed Oops: Enabled (32-bit)
 Heap Region Size: 1M
 Heap Min Capacity: 8M
 Heap Initial Capacity: 126M
 Heap Max Capacity: 1G
 Pre-touch: Disabled
 Parallel Workers: 4
 Concurrent Workers: 1
 Concurrent Refinement Workers: 4
 Periodic GC: Disabled
Heap:
 garbage-first heap   total 107520K, used 45241K [0x00000000c0000000, 0x0000000100000000)
  region size 1024K, 1 young (1024K), 0 survivors (0K)
 Metaspace       used 55134K, committed 55616K, reserved 1114112K
  class space    used 7021K, committed 7232K, reserved 1048576K
GC Heap History (20 events):
Event: 28972.037 GC heap before
{Heap before GC invocations=2819 (full 2794):
 garbage-first heap   total 107520K, used 45241K [0x00000000c0000000, 0x0000000100000000)
  region size 1024K, 1 young (1024K), 0 survivors (0K)
 Metaspace       used 55134K, committed 55616K, reserved 1114112K
  class space    used 7021K, committed 7232K, reserved 1048576K
}
Event: 28972.071 GC heap after
{Heap after GC invocations=2820 (full 2795):
 garbage-first heap   total 107520K, used 45241K [0x00000000c0000000, 0x0000000100000000)
  region size 1024K, 0 young (0K), 0 survivors (0K)
 Metaspace       used 55134K, committed 55616K, reserved 1114112K
  class space    used 7021K, committed 7232K, reserved 1048576K
}
Event: 28982.197 GC heap before
{Heap before GC invocations=2820 (full 2795):
 garbage-first heap   total 107520K, used 45241K [0x00000000c0000000, 0x0000000100000000)
  region size 1024K, 1 young (1024K), 0 survivors (0K)
 Metaspace       used 55134K, committed 55616K, reserved 1114112K
  class space    used 7021K, committed 7232K, reserved 1048576K
}
Event: 28982.230 GC heap after
{Heap after GC invocations=2821 (full 2796):
 garbage-first heap   total 107520K, used 45241K [0x00000000c0000000, 0x0000000100000000)
  region size 1024K, 0 young (0K), 0 survivors (0K)
 Metaspace       used 55134K, committed 55616K, reserved 1114112K
  class space    used 7021K, committed 7232K, reserved 1048576K
}
Event: 28992.375 GC heap before
{Heap before GC invocations=2821 (full 2796):
 garbage-first heap   total 107520K, used 45241K [0x00000000c0000000, 0x0000000100000000)
  region size 1024K, 1 young (1024K), 0 survivors (0K)
 Metaspace       used 55134K, committed 55616K, reserved 1114112K
  class space    used 7021K, committed 7232K, reserved 1048576K
}
Event: 28992.407 GC heap after
{Heap after GC invocations=2822 (full 2797):
 garbage-first heap   total 107520K, used 45241K [0x00000000c0000000, 0x0000000100000000)
  region size 1024K, 0 young (0K), 0 survivors (0K)
 Metaspace       used 55134K, committed 55616K, reserved 1114112K
  class space    used 7021K, committed 7232K, reserved 1048576K
}
Event: 29002.539 GC heap before
{Heap before GC invocations=2822 (full 2797):
 garbage-first heap   total 107520K, used 45241K [0x00000000c0000000, 0x0000000100000000)
  region size 1024K, 1 young (1024K), 0 survivors (0K)
 Metaspace       used 55134K, committed 55616K, reserved 1114112K
  class space    used 7021K, committed 7232K, reserved 1048576K
}
Event: 29002.572 GC heap after
{Heap after GC invocations=2823 (full 2798):
 garbage-first heap   total 107520K, used 45241K [0x00000000c0000000, 0x0000000100000000)
  region size 1024K, 0 young (0K), 0 survivors (0K)
 Metaspace       used 55134K, committed 55616K, reserved 1114112K
  class space    used 7021K, committed 7232K, reserved 1048576K
}
Event: 29012.703 GC heap before
{Heap before GC invocations=2823 (full 2798):
 garbage-first heap   total 107520K, used 45241K [0x00000000c0000000, 0x0000000100000000)
  region size 1024K, 1 young (1024K), 0 survivors (0K)
 Metaspace       used 55134K, committed 55616K, reserved 1114112K
  class space    used 7021K, committed 7232K, reserved 1048576K
}
Event: 29012.736 GC heap after
{Heap after GC invocations=2824 (full 2799):
 garbage-first heap   total 107520K, used 45241K [0x00000000c0000000, 0x0000000100000000)
  region size 1024K, 0 young (0K), 0 survivors (0K)
 Metaspace       used 55134K, committed 55616K, reserved 1114112K
  class space    used 7021K, committed 7232K, reserved 1048576K
}
Event: 29022.872 GC heap before
{Heap before GC invocations=2824 (full 2799):
 garbage-first heap   total 107520K, used 45241K [0x00000000c0000000, 0x0000000100000000)
  region size 1024K, 1 young (1024K), 0 survivors (0K)
 Metaspace       used 55134K, committed 55616K, reserved 1114112K
  class space    used 7021K, committed 7232K, reserved 1048576K
}
Event: 29022.905 GC heap after
{Heap after GC invocations=2825 (full 2800):
 garbage-first heap   total 107520K, used 45241K [0x00000000c0000000, 0x0000000100000000)
  region size 1024K, 0 young (0K), 0 survivors (0K)
 Metaspace       used 55134K, committed 55616K, reserved 1114112K
  class space    used 7021K, committed 7232K, reserved 1048576K
}
Event: 29033.043 GC heap before
{Heap before GC invocations=2825 (full 2800):
 garbage-first heap   total 107520K, used 45241K [0x00000000c0000000, 0x0000000100000000)
  region size 1024K, 1 young (1024K), 0 survivors (0K)
 Metaspace       used 55134K, committed 55616K, reserved 1114112K
  class space    used 7021K, committed 7232K, reserved 1048576K
}
Event: 29033.078 GC heap after
{Heap after GC invocations=2826 (full 2801):
 garbage-first heap   total 107520K, used 45241K [0x00000000c0000000, 0x0000000100000000)
  region size 1024K, 0 young (0K), 0 survivors (0K)
 Metaspace       used 55134K, committed 55616K, reserved 1114112K
  class space    used 7021K, committed 7232K, reserved 1048576K
}
Event: 29043.220 GC heap before
{Heap before GC invocations=2826 (full 2801):
 garbage-first heap   total 107520K, used 45241K [0x00000000c0000000, 0x0000000100000000)
  region size 1024K, 1 young (1024K), 0 survivors (0K)
 Metaspace       used 55134K, committed 55616K, reserved 1114112K
  class space    used 7021K, committed 7232K, reserved 1048576K
}
Event: 29043.252 GC heap after
{Heap after GC invocations=2827 (full 2802):
 garbage-first heap   total 107520K, used 45241K [0x00000000c0000000, 0x0000000100000000)
  region size 1024K, 0 young (0K), 0 survivors (0K)
 Metaspace       used 55134K, committed 55616K, reserved 1114112K
  class space    used 7021K, committed 7232K, reserved 1048576K
}
Event: 29053.374 GC heap before
{Heap before GC invocations=2827 (full 2802):
 garbage-first heap   total 107520K, used 45241K [0x00000000c0000000, 0x0000000100000000)
  region size 1024K, 1 young (1024K), 0 survivors (0K)
 Metaspace       used 55134K, committed 55616K, reserved 1114112K
  class space    used 7021K, committed 7232K, reserved 1048576K
}
Event: 29053.407 GC heap after
{Heap after GC invocations=2828 (full 2803):
 garbage-first heap   total 107520K, used 45241K [0x00000000c0000000, 0x0000000100000000)
  region size 1024K, 0 young (0K), 0 survivors (0K)
 Metaspace       used 55134K, committed 55616K, reserved 1114112K
  class space    used 7021K, committed 7232K, reserved 1048576K
}
Event: 29063.544 GC heap before
{Heap before GC invocations=2828 (full 2803):
 garbage-first heap   total 107520K, used 45241K [0x00000000c0000000, 0x0000000100000000)
  region size 1024K, 1 young (1024K), 0 survivors (0K)
 Metaspace       used 55134K, committed 55616K, reserved 1114112K
  class space    used 7021K, committed 7232K, reserved 1048576K
}
Event: 29063.577 GC heap after
{Heap after GC invocations=2829 (full 2804):
 garbage-first heap   total 107520K, used 45241K [0x00000000c0000000, 0x0000000100000000)
  region size 1024K, 0 young (0K), 0 survivors (0K)
 Metaspace       used 55134K, committed 55616K, reserved 1114112K
  class space    used 7021K, committed 7232K, reserved 1048576K
}

